<?xml version="1.0" encoding="UTF-8"?>
<coverage generated="1771967949143" clover="3.2.0">
  <project timestamp="1771967949144" name="All files">
    <metrics statements="16" coveredstatements="16" conditionals="13" coveredconditionals="13" methods="2" coveredmethods="2" elements="31" coveredelements="31" complexity="0" loc="16" ncloc="16" packages="1" files="1" classes="1"/>
    <file name="horizon.listeners.ts" path="C:\Users\Admin\Desktop\CODEBASE\Credence-Backend\src\listeners\horizon.listeners.ts">
      <metrics statements="16" coveredstatements="16" conditionals="13" coveredconditionals="13" methods="2" coveredmethods="2"/>
      <line num="14" count="8" type="cond" truecount="1" falsecount="0"/>
      <line num="17" count="8" type="cond" truecount="4" falsecount="0"/>
      <line num="18" count="1" type="stmt"/>
      <line num="21" count="7" type="stmt"/>
      <line num="22" count="7" type="cond" truecount="4" falsecount="0"/>
      <line num="24" count="3" type="cond" truecount="2" falsecount="0"/>
      <line num="25" count="2" type="stmt"/>
      <line num="26" count="1" type="stmt"/>
      <line num="28" count="2" type="cond" truecount="2" falsecount="0"/>
      <line num="29" count="1" type="stmt"/>
      <line num="30" count="1" type="stmt"/>
      <line num="32" count="1" type="stmt"/>
      <line num="33" count="1" type="stmt"/>
      <line num="35" count="1" type="stmt"/>
      <line num="36" count="1" type="stmt"/>
      <line num="39" count="3" type="stmt"/>
    </file>
  </project>
</coverage>
