{"C:\\Users\\Admin\\Desktop\\CODEBASE\\Credence-Backend\\src\\listeners\\horizon.listeners.ts": {"path":"C:\\Users\\Admin\\Desktop\\CODEBASE\\Credence-Backend\\src\\listeners\\horizon.listeners.ts","statementMap":{"0":{"start":{"line":14,"column":22},"end":{"line":14,"column":27}},"1":{"start":{"line":17,"column":4},"end":{"line":19,"column":null}},"2":{"start":{"line":18,"column":6},"end":{"line":18,"column":null}},"3":{"start":{"line":21,"column":4},"end":{"line":40,"column":null}},"4":{"start":{"line":22,"column":6},"end":{"line":37,"column":null}},"5":{"start":{"line":24,"column":10},"end":{"line":24,"column":null}},"6":{"start":{"line":24,"column":29},"end":{"line":24,"column":null}},"7":{"start":{"line":25,"column":10},"end":{"line":25,"column":null}},"8":{"start":{"line":26,"column":10},"end":{"line":26,"column":null}},"9":{"start":{"line":28,"column":10},"end":{"line":28,"column":null}},"10":{"start":{"line":28,"column":30},"end":{"line":28,"column":null}},"11":{"start":{"line":29,"column":10},"end":{"line":29,"column":null}},"12":{"start":{"line":30,"column":10},"end":{"line":30,"column":null}},"13":{"start":{"line":32,"column":10},"end":{"line":32,"column":null}},"14":{"start":{"line":33,"column":10},"end":{"line":33,"column":null}},"15":{"start":{"line":35,"column":10},"end":{"line":35,"column":null}},"16":{"start":{"line":36,"column":10},"end":{"line":36,"column":null}},"17":{"start":{"line":39,"column":6},"end":{"line":39,"column":null}}},"fnMap":{"0":{"name":"(anonymous_0)","decl":{"start":{"line":14,"column":2},"end":{"line":14,"column":22}},"loc":{"start":{"line":14,"column":41},"end":{"line":14,"column":null}},"line":14},"1":{"name":"(anonymous_1)","decl":{"start":{"line":16,"column":8},"end":{"line":16,"column":20}},"loc":{"start":{"line":16,"column":56},"end":{"line":41,"column":null}},"line":16}},"branchMap":{"0":{"loc":{"start":{"line":14,"column":22},"end":{"line":14,"column":41}},"type":"default-arg","locations":[{"start":{"line":14,"column":27},"end":{"line":14,"column":41}}],"line":14},"1":{"loc":{"start":{"line":17,"column":4},"end":{"line":19,"column":null}},"type":"if","locations":[{"start":{"line":17,"column":4},"end":{"line":19,"column":null}},{"start":{},"end":{}}],"line":17},"2":{"loc":{"start":{"line":17,"column":8},"end":{"line":17,"column":38}},"type":"binary-expr","locations":[{"start":{"line":17,"column":8},"end":{"line":17,"column":25}},{"start":{"line":17,"column":25},"end":{"line":17,"column":38}}],"line":17},"3":{"loc":{"start":{"line":22,"column":6},"end":{"line":37,"column":null}},"type":"switch","locations":[{"start":{"line":23,"column":8},"end":{"line":26,"column":null}},{"start":{"line":27,"column":8},"end":{"line":30,"column":null}},{"start":{"line":31,"column":8},"end":{"line":33,"column":null}},{"start":{"line":34,"column":8},"end":{"line":36,"column":null}}],"line":22},"4":{"loc":{"start":{"line":24,"column":10},"end":{"line":24,"column":null}},"type":"if","locations":[{"start":{"line":24,"column":10},"end":{"line":24,"column":null}},{"start":{},"end":{}}],"line":24},"5":{"loc":{"start":{"line":28,"column":10},"end":{"line":28,"column":null}},"type":"if","locations":[{"start":{"line":28,"column":10},"end":{"line":28,"column":null}},{"start":{},"end":{}}],"line":28}},"s":{"0":8,"1":8,"2":1,"3":7,"4":7,"5":3,"6":1,"7":2,"8":1,"9":2,"10":1,"11":1,"12":1,"13":1,"14":1,"15":1,"16":1,"17":3},"f":{"0":8,"1":8},"b":{"0":[8],"1":[1,7],"2":[8,7],"3":[7,2,1,1],"4":[1,2],"5":[1,1]},"meta":{"lastBranch":6,"lastFunction":2,"lastStatement":18,"seen":{"f:14:2:14:22":0,"b:14:27:14:41":0,"s:14:22:14:27":0,"f:16:8:16:20":1,"b:17:4:19:Infinity:undefined:undefined:undefined:undefined":1,"s:17:4:19:Infinity":1,"b:17:8:17:25:17:25:17:38":2,"s:18:6:18:Infinity":2,"s:21:4:40:Infinity":3,"b:23:8:26:Infinity:27:8:30:Infinity:31:8:33:Infinity:34:8:36:Infinity":3,"s:22:6:37:Infinity":4,"b:24:10:24:Infinity:undefined:undefined:undefined:undefined":4,"s:24:10:24:Infinity":5,"s:24:29:24:Infinity":6,"s:25:10:25:Infinity":7,"s:26:10:26:Infinity":8,"b:28:10:28:Infinity:undefined:undefined:undefined:undefined":5,"s:28:10:28:Infinity":9,"s:28:30:28:Infinity":10,"s:29:10:29:Infinity":11,"s:30:10:30:Infinity":12,"s:32:10:32:Infinity":13,"s:33:10:33:Infinity":14,"s:35:10:35:Infinity":15,"s:36:10:36:Infinity":16,"s:39:6:39:Infinity":17}}}
}
