{"/Users/gojosatura/Desktop/open-source/Credence-Backend/src/index.ts": {"path":"/Users/gojosatura/Desktop/open-source/Credence-Backend/src/index.ts","statementMap":{"0":{"start":{"line":12,"column":6},"end":{"line":12,"column":null}},"1":{"start":{"line":13,"column":13},"end":{"line":13,"column":null}},"2":{"start":{"line":15,"column":0},"end":{"line":15,"column":null}},"3":{"start":{"line":18,"column":0},"end":{"line":23,"column":null}},"4":{"start":{"line":26,"column":0},"end":{"line":28,"column":null}},"5":{"start":{"line":27,"column":2},"end":{"line":27,"column":null}},"6":{"start":{"line":31,"column":0},"end":{"line":45,"column":null}},"7":{"start":{"line":35,"column":24},"end":{"line":35,"column":null}},"8":{"start":{"line":37,"column":4},"end":{"line":43,"column":null}},"9":{"start":{"line":48,"column":0},"end":{"line":61,"column":null}},"10":{"start":{"line":52,"column":24},"end":{"line":52,"column":null}},"11":{"start":{"line":53,"column":4},"end":{"line":59,"column":null}},"12":{"start":{"line":64,"column":0},"end":{"line":77,"column":null}},"13":{"start":{"line":68,"column":24},"end":{"line":68,"column":null}},"14":{"start":{"line":69,"column":30},"end":{"line":69,"column":null}},"15":{"start":{"line":70,"column":4},"end":{"line":75,"column":null}},"16":{"start":{"line":80,"column":0},"end":{"line":91,"column":null}},"17":{"start":{"line":84,"column":17},"end":{"line":84,"column":null}},"18":{"start":{"line":85,"column":4},"end":{"line":89,"column":null}},"19":{"start":{"line":95,"column":0},"end":{"line":99,"column":null}},"20":{"start":{"line":96,"column":2},"end":{"line":98,"column":null}},"21":{"start":{"line":97,"column":4},"end":{"line":97,"column":null}}},"fnMap":{"0":{"name":"(anonymous_0)","decl":{"start":{"line":26,"column":23},"end":{"line":26,"column":24}},"loc":{"start":{"line":26,"column":38},"end":{"line":28,"column":1}},"line":26},"1":{"name":"(anonymous_1)","decl":{"start":{"line":34,"column":2},"end":{"line":34,"column":3}},"loc":{"start":{"line":34,"column":16},"end":{"line":44,"column":null}},"line":34},"2":{"name":"(anonymous_2)","decl":{"start":{"line":51,"column":2},"end":{"line":51,"column":3}},"loc":{"start":{"line":51,"column":16},"end":{"line":60,"column":null}},"line":51},"3":{"name":"(anonymous_3)","decl":{"start":{"line":67,"column":2},"end":{"line":67,"column":3}},"loc":{"start":{"line":67,"column":16},"end":{"line":76,"column":null}},"line":67},"4":{"name":"(anonymous_4)","decl":{"start":{"line":83,"column":2},"end":{"line":83,"column":3}},"loc":{"start":{"line":83,"column":16},"end":{"line":90,"column":null}},"line":83},"5":{"name":"(anonymous_5)","decl":{"start":{"line":96,"column":19},"end":{"line":96,"column":25}},"loc":{"start":{"line":96,"column":25},"end":{"line":98,"column":3}},"line":96}},"branchMap":{"0":{"loc":{"start":{"line":13,"column":13},"end":{"line":13,"column":null}},"type":"binary-expr","locations":[{"start":{"line":13,"column":13},"end":{"line":13,"column":33}},{"start":{"line":13,"column":33},"end":{"line":13,"column":null}}],"line":13},"1":{"loc":{"start":{"line":88,"column":11},"end":{"line":88,"column":null}},"type":"binary-expr","locations":[{"start":{"line":88,"column":11},"end":{"line":88,"column":23}},{"start":{"line":88,"column":23},"end":{"line":88,"column":null}}],"line":88},"2":{"loc":{"start":{"line":95,"column":0},"end":{"line":99,"column":null}},"type":"if","locations":[{"start":{"line":95,"column":0},"end":{"line":99,"column":null}},{"start":{},"end":{}}],"line":95}},"s":{"0":1,"1":1,"2":1,"3":1,"4":1,"5":1,"6":1,"7":1,"8":1,"9":1,"10":1,"11":1,"12":1,"13":2,"14":2,"15":2,"16":1,"17":1,"18":1,"19":1,"20":0,"21":0},"f":{"0":1,"1":1,"2":1,"3":2,"4":1,"5":0},"b":{"0":[1,1],"1":[1,1],"2":[0,1]},"meta":{"lastBranch":3,"lastFunction":6,"lastStatement":22,"seen":{"s:12:6:12:Infinity":0,"s:13:13:13:Infinity":1,"b:13:13:13:33:13:33:13:Infinity":0,"s:15:0:15:Infinity":2,"s:18:0:23:Infinity":3,"s:26:0:28:Infinity":4,"f:26:23:26:24":0,"s:27:2:27:Infinity":5,"s:31:0:45:Infinity":6,"f:34:2:34:3":1,"s:35:24:35:Infinity":7,"s:37:4:43:Infinity":8,"s:48:0:61:Infinity":9,"f:51:2:51:3":2,"s:52:24:52:Infinity":10,"s:53:4:59:Infinity":11,"s:64:0:77:Infinity":12,"f:67:2:67:3":3,"s:68:24:68:Infinity":13,"s:69:30:69:Infinity":14,"s:70:4:75:Infinity":15,"s:80:0:91:Infinity":16,"f:83:2:83:3":4,"s:84:17:84:Infinity":17,"s:85:4:89:Infinity":18,"b:88:11:88:23:88:23:88:Infinity":1,"b:95:0:99:Infinity:undefined:undefined:undefined:undefined":2,"s:95:0:99:Infinity":19,"s:96:2:98:Infinity":20,"f:96:19:96:25":5,"s:97:4:97:Infinity":21}}}
,"/Users/gojosatura/Desktop/open-source/Credence-Backend/src/middleware/rateLimit.ts": {"path":"/Users/gojosatura/Desktop/open-source/Credence-Backend/src/middleware/rateLimit.ts","statementMap":{"0":{"start":{"line":35,"column":29},"end":{"line":38,"column":null}},"1":{"start":{"line":45,"column":16},"end":{"line":45,"column":null}},"2":{"start":{"line":46,"column":16},"end":{"line":46,"column":null}},"3":{"start":{"line":48,"column":4},"end":{"line":52,"column":null}},"4":{"start":{"line":49,"column":6},"end":{"line":49,"column":null}},"5":{"start":{"line":50,"column":6},"end":{"line":50,"column":null}},"6":{"start":{"line":51,"column":6},"end":{"line":51,"column":null}},"7":{"start":{"line":54,"column":4},"end":{"line":54,"column":null}},"8":{"start":{"line":55,"column":18},"end":{"line":55,"column":null}},"9":{"start":{"line":56,"column":4},"end":{"line":56,"column":null}},"10":{"start":{"line":61,"column":4},"end":{"line":61,"column":null}},"11":{"start":{"line":102,"column":28},"end":{"line":112,"column":null}},"12":{"start":{"line":103,"column":17},"end":{"line":103,"column":null}},"13":{"start":{"line":104,"column":2},"end":{"line":106,"column":null}},"14":{"start":{"line":105,"column":4},"end":{"line":105,"column":null}},"15":{"start":{"line":108,"column":5},"end":{"line":110,"column":null}},"16":{"start":{"line":111,"column":2},"end":{"line":111,"column":null}},"17":{"start":{"line":121,"column":19},"end":{"line":121,"column":null}},"18":{"start":{"line":122,"column":2},"end":{"line":131,"column":null}},"19":{"start":{"line":123,"column":4},"end":{"line":130,"column":null}},"20":{"start":{"line":124,"column":29},"end":{"line":124,"column":null}},"21":{"start":{"line":125,"column":21},"end":{"line":125,"column":null}},"22":{"start":{"line":126,"column":6},"end":{"line":126,"column":null}},"23":{"start":{"line":129,"column":6},"end":{"line":129,"column":null}},"24":{"start":{"line":132,"column":2},"end":{"line":132,"column":null}},"25":{"start":{"line":157,"column":6},"end":{"line":157,"column":null}},"26":{"start":{"line":159,"column":2},"end":{"line":185,"column":null}},"27":{"start":{"line":160,"column":19},"end":{"line":160,"column":null}},"28":{"start":{"line":161,"column":39},"end":{"line":161,"column":null}},"29":{"start":{"line":163,"column":16},"end":{"line":163,"column":null}},"30":{"start":{"line":164,"column":21},"end":{"line":164,"column":null}},"31":{"start":{"line":166,"column":4},"end":{"line":184,"column":null}},"32":{"start":{"line":167,"column":31},"end":{"line":167,"column":null}},"33":{"start":{"line":169,"column":6},"end":{"line":178,"column":null}},"34":{"start":{"line":170,"column":30},"end":{"line":170,"column":null}},"35":{"start":{"line":171,"column":8},"end":{"line":171,"column":null}},"36":{"start":{"line":172,"column":8},"end":{"line":176,"column":null}},"37":{"start":{"line":177,"column":8},"end":{"line":177,"column":null}},"38":{"start":{"line":180,"column":6},"end":{"line":180,"column":null}},"39":{"start":{"line":183,"column":6},"end":{"line":183,"column":null}}},"fnMap":{"0":{"name":"(anonymous_0)","decl":{"start":{"line":44,"column":8},"end":{"line":44,"column":18}},"loc":{"start":{"line":44,"column":75},"end":{"line":57,"column":null}},"line":44},"1":{"name":"(anonymous_1)","decl":{"start":{"line":60,"column":2},"end":{"line":60,"column":16}},"loc":{"start":{"line":60,"column":16},"end":{"line":62,"column":null}},"line":60},"2":{"name":"(anonymous_2)","decl":{"start":{"line":102,"column":28},"end":{"line":102,"column":29}},"loc":{"start":{"line":102,"column":54},"end":{"line":112,"column":null}},"line":102},"3":{"name":"createRateLimitStore","decl":{"start":{"line":120,"column":22},"end":{"line":120,"column":70}},"loc":{"start":{"line":120,"column":70},"end":{"line":133,"column":null}},"line":120},"4":{"name":"rateLimit","decl":{"start":{"line":150,"column":16},"end":{"line":150,"column":26}},"loc":{"start":{"line":150,"column":112},"end":{"line":186,"column":null}},"line":150},"5":{"name":"(anonymous_5)","decl":{"start":{"line":159,"column":9},"end":{"line":159,"column":16}},"loc":{"start":{"line":159,"column":83},"end":{"line":185,"column":null}},"line":159}},"branchMap":{"0":{"loc":{"start":{"line":48,"column":4},"end":{"line":52,"column":null}},"type":"if","locations":[{"start":{"line":48,"column":4},"end":{"line":52,"column":null}},{"start":{},"end":{}}],"line":48},"1":{"loc":{"start":{"line":48,"column":8},"end":{"line":48,"column":40}},"type":"binary-expr","locations":[{"start":{"line":48,"column":8},"end":{"line":48,"column":18}},{"start":{"line":48,"column":18},"end":{"line":48,"column":40}}],"line":48},"2":{"loc":{"start":{"line":104,"column":2},"end":{"line":106,"column":null}},"type":"if","locations":[{"start":{"line":104,"column":2},"end":{"line":106,"column":null}},{"start":{},"end":{}}],"line":104},"3":{"loc":{"start":{"line":104,"column":6},"end":{"line":104,"column":55}},"type":"binary-expr","locations":[{"start":{"line":104,"column":6},"end":{"line":104,"column":36}},{"start":{"line":104,"column":36},"end":{"line":104,"column":55}}],"line":104},"4":{"loc":{"start":{"line":108,"column":5},"end":{"line":110,"column":null}},"type":"binary-expr","locations":[{"start":{"line":108,"column":5},"end":{"line":108,"column":null}},{"start":{"line":109,"column":4},"end":{"line":109,"column":null}},{"start":{"line":110,"column":4},"end":{"line":110,"column":null}}],"line":108},"5":{"loc":{"start":{"line":122,"column":2},"end":{"line":131,"column":null}},"type":"if","locations":[{"start":{"line":122,"column":2},"end":{"line":131,"column":null}},{"start":{},"end":{}}],"line":122},"6":{"loc":{"start":{"line":155,"column":4},"end":{"line":155,"column":null}},"type":"default-arg","locations":[{"start":{"line":155,"column":12},"end":{"line":155,"column":null}}],"line":155},"7":{"loc":{"start":{"line":156,"column":4},"end":{"line":156,"column":null}},"type":"default-arg","locations":[{"start":{"line":156,"column":19},"end":{"line":156,"column":null}}],"line":156},"8":{"loc":{"start":{"line":160,"column":19},"end":{"line":160,"column":null}},"type":"cond-expr","locations":[{"start":{"line":160,"column":31},"end":{"line":160,"column":48}},{"start":{"line":160,"column":48},"end":{"line":160,"column":null}}],"line":160},"9":{"loc":{"start":{"line":169,"column":6},"end":{"line":178,"column":null}},"type":"if","locations":[{"start":{"line":169,"column":6},"end":{"line":178,"column":null}},{"start":{},"end":{}}],"line":169}},"s":{"0":8,"1":25,"2":25,"3":25,"4":18,"5":18,"6":18,"7":7,"8":7,"9":7,"10":1,"11":2,"12":24,"13":24,"14":1,"15":23,"16":24,"17":2,"18":2,"19":1,"20":1,"21":1,"22":0,"23":1,"24":1,"25":11,"26":11,"27":25,"28":25,"29":25,"30":25,"31":25,"32":25,"33":24,"34":3,"35":3,"36":3,"37":3,"38":21,"39":1},"f":{"0":25,"1":1,"2":24,"3":2,"4":11,"5":25},"b":{"0":[18,7],"1":[25,8],"2":[1,23],"3":[24,2],"4":[23,8,1],"5":[1,1],"6":[11],"7":[11],"8":[2,23],"9":[3,21]},"meta":{"lastBranch":10,"lastFunction":6,"lastStatement":40,"seen":{"s:35:29:38:Infinity":0,"f:44:8:44:18":0,"s:45:16:45:Infinity":1,"s:46:16:46:Infinity":2,"b:48:4:52:Infinity:undefined:undefined:undefined:undefined":0,"s:48:4:52:Infinity":3,"b:48:8:48:18:48:18:48:40":1,"s:49:6:49:Infinity":4,"s:50:6:50:Infinity":5,"s:51:6:51:Infinity":6,"s:54:4:54:Infinity":7,"s:55:18:55:Infinity":8,"s:56:4:56:Infinity":9,"f:60:2:60:16":1,"s:61:4:61:Infinity":10,"s:102:28:112:Infinity":11,"f:102:28:102:29":2,"s:103:17:103:Infinity":12,"b:104:2:106:Infinity:undefined:undefined:undefined:undefined":2,"s:104:2:106:Infinity":13,"b:104:6:104:36:104:36:104:55":3,"s:105:4:105:Infinity":14,"s:108:5:110:Infinity":15,"b:108:5:108:Infinity:109:4:109:Infinity:110:4:110:Infinity":4,"s:111:2:111:Infinity":16,"f:120:22:120:70":3,"s:121:19:121:Infinity":17,"b:122:2:131:Infinity:undefined:undefined:undefined:undefined":5,"s:122:2:131:Infinity":18,"s:123:4:130:Infinity":19,"s:124:29:124:Infinity":20,"s:125:21:125:Infinity":21,"s:126:6:126:Infinity":22,"s:129:6:129:Infinity":23,"s:132:2:132:Infinity":24,"f:150:16:150:26":4,"s:157:6:157:Infinity":25,"b:155:12:155:Infinity":6,"b:156:19:156:Infinity":7,"s:159:2:185:Infinity":26,"f:159:9:159:16":5,"s:160:19:160:Infinity":27,"b:160:31:160:48:160:48:160:Infinity":8,"s:161:39:161:Infinity":28,"s:163:16:163:Infinity":29,"s:164:21:164:Infinity":30,"s:166:4:184:Infinity":31,"s:167:31:167:Infinity":32,"b:169:6:178:Infinity:undefined:undefined:undefined:undefined":9,"s:169:6:178:Infinity":33,"s:170:30:170:Infinity":34,"s:171:8:171:Infinity":35,"s:172:8:176:Infinity":36,"s:177:8:177:Infinity":37,"s:180:6:180:Infinity":38,"s:183:6:183:Infinity":39}}}
,"/Users/gojosatura/Desktop/open-source/Credence-Backend/src/middleware/rateLimitRedis.ts": {"path":"/Users/gojosatura/Desktop/open-source/Credence-Backend/src/middleware/rateLimitRedis.ts","statementMap":{"0":{"start":{"line":9,"column":31},"end":{"line":9,"column":46}},"1":{"start":{"line":19,"column":10},"end":{"line":19,"column":null}},"2":{"start":{"line":20,"column":19},"end":{"line":20,"column":null}},"3":{"start":{"line":21,"column":4},"end":{"line":24,"column":null}},"4":{"start":{"line":22,"column":6},"end":{"line":22,"column":null}},"5":{"start":{"line":22,"column":33},"end":{"line":22,"column":48}},"6":{"start":{"line":23,"column":6},"end":{"line":23,"column":null}},"7":{"start":{"line":23,"column":36},"end":{"line":23,"column":47}},"8":{"start":{"line":34,"column":18},"end":{"line":34,"column":null}},"9":{"start":{"line":35,"column":22},"end":{"line":35,"column":null}},"10":{"start":{"line":37,"column":4},"end":{"line":39,"column":null}},"11":{"start":{"line":38,"column":6},"end":{"line":38,"column":null}},"12":{"start":{"line":41,"column":19},"end":{"line":41,"column":null}},"13":{"start":{"line":42,"column":18},"end":{"line":42,"column":null}},"14":{"start":{"line":44,"column":4},"end":{"line":44,"column":null}}},"fnMap":{"0":{"name":"(anonymous_0)","decl":{"start":{"line":9,"column":2},"end":{"line":9,"column":31}},"loc":{"start":{"line":9,"column":46},"end":{"line":9,"column":null}},"line":9},"1":{"name":"(anonymous_1)","decl":{"start":{"line":18,"column":15},"end":{"line":18,"column":23}},"loc":{"start":{"line":18,"column":52},"end":{"line":25,"column":null}},"line":18},"2":{"name":"(anonymous_2)","decl":{"start":{"line":21,"column":23},"end":{"line":21,"column":24}},"loc":{"start":{"line":21,"column":44},"end":{"line":24,"column":5}},"line":21},"3":{"name":"(anonymous_3)","decl":{"start":{"line":22,"column":27},"end":{"line":22,"column":33}},"loc":{"start":{"line":22,"column":33},"end":{"line":22,"column":48}},"line":22},"4":{"name":"(anonymous_4)","decl":{"start":{"line":23,"column":27},"end":{"line":23,"column":28}},"loc":{"start":{"line":23,"column":36},"end":{"line":23,"column":47}},"line":23},"5":{"name":"(anonymous_5)","decl":{"start":{"line":33,"column":8},"end":{"line":33,"column":18}},"loc":{"start":{"line":33,"column":75},"end":{"line":45,"column":null}},"line":33}},"branchMap":{"0":{"loc":{"start":{"line":37,"column":4},"end":{"line":39,"column":null}},"type":"if","locations":[{"start":{"line":37,"column":4},"end":{"line":39,"column":null}},{"start":{},"end":{}}],"line":37},"1":{"loc":{"start":{"line":42,"column":18},"end":{"line":42,"column":null}},"type":"cond-expr","locations":[{"start":{"line":42,"column":31},"end":{"line":42,"column":47}},{"start":{"line":42,"column":47},"end":{"line":42,"column":null}}],"line":42}},"s":{"0":2,"1":1,"2":1,"3":1,"4":1,"5":0,"6":1,"7":1,"8":2,"9":2,"10":2,"11":1,"12":2,"13":2,"14":2},"f":{"0":2,"1":1,"2":1,"3":0,"4":1,"5":2},"b":{"0":[1,1],"1":[2,0]},"meta":{"lastBranch":2,"lastFunction":6,"lastStatement":15,"seen":{"f:9:2:9:31":0,"s:9:31:9:46":0,"f:18:15:18:23":1,"s:19:10:19:Infinity":1,"s:20:19:20:Infinity":2,"s:21:4:24:Infinity":3,"f:21:23:21:24":2,"s:22:6:22:Infinity":4,"f:22:27:22:33":3,"s:22:33:22:48":5,"s:23:6:23:Infinity":6,"f:23:27:23:28":4,"s:23:36:23:47":7,"f:33:8:33:18":5,"s:34:18:34:Infinity":8,"s:35:22:35:Infinity":9,"b:37:4:39:Infinity:undefined:undefined:undefined:undefined":0,"s:37:4:39:Infinity":10,"s:38:6:38:Infinity":11,"s:41:19:41:Infinity":12,"s:42:18:42:Infinity":13,"b:42:31:42:47:42:47:42:Infinity":1,"s:44:4:44:Infinity":14}}}
,"/Users/gojosatura/Desktop/open-source/Credence-Backend/src/middleware/validate.ts": {"path":"/Users/gojosatura/Desktop/open-source/Credence-Backend/src/middleware/validate.ts","statementMap":{"0":{"start":{"line":42,"column":18},"end":{"line":42,"column":null}},"1":{"start":{"line":43,"column":2},"end":{"line":46,"column":null}},"2":{"start":{"line":43,"column":28},"end":{"line":46,"column":4}},"3":{"start":{"line":69,"column":73},"end":{"line":69,"column":null}},"4":{"start":{"line":71,"column":2},"end":{"line":112,"column":null}},"5":{"start":{"line":72,"column":64},"end":{"line":72,"column":null}},"6":{"start":{"line":73,"column":61},"end":{"line":73,"column":null}},"7":{"start":{"line":75,"column":4},"end":{"line":82,"column":null}},"8":{"start":{"line":76,"column":21},"end":{"line":76,"column":null}},"9":{"start":{"line":77,"column":6},"end":{"line":81,"column":null}},"10":{"start":{"line":78,"column":8},"end":{"line":78,"column":null}},"11":{"start":{"line":80,"column":8},"end":{"line":80,"column":null}},"12":{"start":{"line":84,"column":4},"end":{"line":91,"column":null}},"13":{"start":{"line":85,"column":21},"end":{"line":85,"column":null}},"14":{"start":{"line":86,"column":6},"end":{"line":90,"column":null}},"15":{"start":{"line":87,"column":8},"end":{"line":87,"column":null}},"16":{"start":{"line":89,"column":8},"end":{"line":89,"column":null}},"17":{"start":{"line":93,"column":4},"end":{"line":100,"column":null}},"18":{"start":{"line":94,"column":21},"end":{"line":94,"column":null}},"19":{"start":{"line":95,"column":6},"end":{"line":99,"column":null}},"20":{"start":{"line":96,"column":8},"end":{"line":96,"column":null}},"21":{"start":{"line":98,"column":8},"end":{"line":98,"column":null}},"22":{"start":{"line":102,"column":4},"end":{"line":108,"column":null}},"23":{"start":{"line":103,"column":6},"end":{"line":106,"column":null}},"24":{"start":{"line":107,"column":6},"end":{"line":107,"column":null}},"25":{"start":{"line":110,"column":4},"end":{"line":110,"column":null}},"26":{"start":{"line":111,"column":4},"end":{"line":111,"column":null}}},"fnMap":{"0":{"name":"formatZodErrors","decl":{"start":{"line":41,"column":9},"end":{"line":41,"column":25}},"loc":{"start":{"line":41,"column":84},"end":{"line":47,"column":null}},"line":41},"1":{"name":"(anonymous_1)","decl":{"start":{"line":43,"column":20},"end":{"line":43,"column":21}},"loc":{"start":{"line":43,"column":28},"end":{"line":46,"column":4}},"line":43},"2":{"name":"validate","decl":{"start":{"line":66,"column":16},"end":{"line":66,"column":null}},"loc":{"start":{"line":68,"column":61},"end":{"line":113,"column":null}},"line":68},"3":{"name":"(anonymous_3)","decl":{"start":{"line":71,"column":9},"end":{"line":71,"column":10}},"loc":{"start":{"line":71,"column":62},"end":{"line":112,"column":null}},"line":71}},"branchMap":{"0":{"loc":{"start":{"line":42,"column":18},"end":{"line":42,"column":null}},"type":"binary-expr","locations":[{"start":{"line":42,"column":18},"end":{"line":42,"column":105}},{"start":{"line":42,"column":105},"end":{"line":42,"column":null}}],"line":42},"1":{"loc":{"start":{"line":44,"column":10},"end":{"line":44,"column":null}},"type":"cond-expr","locations":[{"start":{"line":44,"column":27},"end":{"line":44,"column":46}},{"start":{"line":44,"column":46},"end":{"line":44,"column":null}}],"line":44},"2":{"loc":{"start":{"line":75,"column":4},"end":{"line":82,"column":null}},"type":"if","locations":[{"start":{"line":75,"column":4},"end":{"line":82,"column":null}},{"start":{},"end":{}}],"line":75},"3":{"loc":{"start":{"line":77,"column":6},"end":{"line":81,"column":null}},"type":"if","locations":[{"start":{"line":77,"column":6},"end":{"line":81,"column":null}},{"start":{"line":79,"column":13},"end":{"line":81,"column":null}}],"line":77},"4":{"loc":{"start":{"line":84,"column":4},"end":{"line":91,"column":null}},"type":"if","locations":[{"start":{"line":84,"column":4},"end":{"line":91,"column":null}},{"start":{},"end":{}}],"line":84},"5":{"loc":{"start":{"line":86,"column":6},"end":{"line":90,"column":null}},"type":"if","locations":[{"start":{"line":86,"column":6},"end":{"line":90,"column":null}},{"start":{"line":88,"column":13},"end":{"line":90,"column":null}}],"line":86},"6":{"loc":{"start":{"line":93,"column":4},"end":{"line":100,"column":null}},"type":"if","locations":[{"start":{"line":93,"column":4},"end":{"line":100,"column":null}},{"start":{},"end":{}}],"line":93},"7":{"loc":{"start":{"line":95,"column":6},"end":{"line":99,"column":null}},"type":"if","locations":[{"start":{"line":95,"column":6},"end":{"line":99,"column":null}},{"start":{"line":97,"column":13},"end":{"line":99,"column":null}}],"line":95},"8":{"loc":{"start":{"line":102,"column":4},"end":{"line":108,"column":null}},"type":"if","locations":[{"start":{"line":102,"column":4},"end":{"line":108,"column":null}},{"start":{},"end":{}}],"line":102}},"s":{"0":14,"1":14,"2":14,"3":13,"4":13,"5":23,"6":23,"7":23,"8":14,"9":14,"10":7,"11":7,"12":23,"13":7,"14":7,"15":5,"16":2,"17":23,"18":8,"19":8,"20":3,"21":5,"22":23,"23":13,"24":13,"25":10,"26":10},"f":{"0":14,"1":14,"2":13,"3":23},"b":{"0":[14,0],"1":[14,0],"2":[14,9],"3":[7,7],"4":[7,16],"5":[5,2],"6":[8,15],"7":[3,5],"8":[13,10]},"meta":{"lastBranch":9,"lastFunction":4,"lastStatement":27,"seen":{"f:41:9:41:25":0,"s:42:18:42:Infinity":0,"b:42:18:42:105:42:105:42:Infinity":0,"s:43:2:46:Infinity":1,"f:43:20:43:21":1,"s:43:28:46:4":2,"b:44:27:44:46:44:46:44:Infinity":1,"f:66:16:66:Infinity":2,"s:69:73:69:Infinity":3,"s:71:2:112:Infinity":4,"f:71:9:71:10":3,"s:72:64:72:Infinity":5,"s:73:61:73:Infinity":6,"b:75:4:82:Infinity:undefined:undefined:undefined:undefined":2,"s:75:4:82:Infinity":7,"s:76:21:76:Infinity":8,"b:77:6:81:Infinity:79:13:81:Infinity":3,"s:77:6:81:Infinity":9,"s:78:8:78:Infinity":10,"s:80:8:80:Infinity":11,"b:84:4:91:Infinity:undefined:undefined:undefined:undefined":4,"s:84:4:91:Infinity":12,"s:85:21:85:Infinity":13,"b:86:6:90:Infinity:88:13:90:Infinity":5,"s:86:6:90:Infinity":14,"s:87:8:87:Infinity":15,"s:89:8:89:Infinity":16,"b:93:4:100:Infinity:undefined:undefined:undefined:undefined":6,"s:93:4:100:Infinity":17,"s:94:21:94:Infinity":18,"b:95:6:99:Infinity:97:13:99:Infinity":7,"s:95:6:99:Infinity":19,"s:96:8:96:Infinity":20,"s:98:8:98:Infinity":21,"b:102:4:108:Infinity:undefined:undefined:undefined:undefined":8,"s:102:4:108:Infinity":22,"s:103:6:106:Infinity":23,"s:107:6:107:Infinity":24,"s:110:4:110:Infinity":25,"s:111:4:111:Infinity":26}}}
,"/Users/gojosatura/Desktop/open-source/Credence-Backend/src/schemas/address.ts": {"path":"/Users/gojosatura/Desktop/open-source/Credence-Backend/src/schemas/address.ts","statementMap":{"0":{"start":{"line":7,"column":29},"end":{"line":10,"column":null}}},"fnMap":{},"branchMap":{},"s":{"0":5},"f":{},"b":{},"meta":{"lastBranch":0,"lastFunction":0,"lastStatement":1,"seen":{"s:7:29:10:Infinity":0}}}
,"/Users/gojosatura/Desktop/open-source/Credence-Backend/src/schemas/attestations.ts": {"path":"/Users/gojosatura/Desktop/open-source/Credence-Backend/src/schemas/attestations.ts","statementMap":{"0":{"start":{"line":7,"column":44},"end":{"line":9,"column":null}},"1":{"start":{"line":14,"column":39},"end":{"line":19,"column":null}},"2":{"start":{"line":24,"column":43},"end":{"line":30,"column":null}}},"fnMap":{},"branchMap":{},"s":{"0":2,"1":2,"2":2},"f":{},"b":{},"meta":{"lastBranch":0,"lastFunction":0,"lastStatement":3,"seen":{"s:7:44:9:Infinity":0,"s:14:39:19:Infinity":1,"s:24:43:30:Infinity":2}}}
,"/Users/gojosatura/Desktop/open-source/Credence-Backend/src/schemas/bond.ts": {"path":"/Users/gojosatura/Desktop/open-source/Credence-Backend/src/schemas/bond.ts","statementMap":{"0":{"start":{"line":7,"column":36},"end":{"line":9,"column":null}},"1":{"start":{"line":14,"column":31},"end":{"line":14,"column":null}}},"fnMap":{},"branchMap":{},"s":{"0":2,"1":2},"f":{},"b":{},"meta":{"lastBranch":0,"lastFunction":0,"lastStatement":2,"seen":{"s:7:36:9:Infinity":0,"s:14:31:14:Infinity":1}}}
,"/Users/gojosatura/Desktop/open-source/Credence-Backend/src/schemas/index.ts": {"path":"/Users/gojosatura/Desktop/open-source/Credence-Backend/src/schemas/index.ts","statementMap":{},"fnMap":{},"branchMap":{},"s":{},"f":{},"b":{},"meta":{"lastBranch":0,"lastFunction":0,"lastStatement":0,"seen":{}}}
,"/Users/gojosatura/Desktop/open-source/Credence-Backend/src/schemas/trust.ts": {"path":"/Users/gojosatura/Desktop/open-source/Credence-Backend/src/schemas/trust.ts","statementMap":{"0":{"start":{"line":7,"column":37},"end":{"line":9,"column":null}},"1":{"start":{"line":14,"column":32},"end":{"line":14,"column":null}}},"fnMap":{},"branchMap":{},"s":{"0":2,"1":2},"f":{},"b":{},"meta":{"lastBranch":0,"lastFunction":0,"lastStatement":2,"seen":{"s:7:37:9:Infinity":0,"s:14:32:14:Infinity":1}}}
}
